<?xml version="1.0" encoding="UTF-8"?>
<testng-results skipped="0" failed="0" ignored="0" total="1" passed="1">
  <reporter-output>
  </reporter-output>
  <suite name="Default suite" duration-ms="7477" started-at="2020-09-18T12:09:49 CDT" finished-at="2020-09-18T12:09:57 CDT">
    <groups>
    </groups>
    <test name="Default test" duration-ms="7477" started-at="2020-09-18T12:09:49 CDT" finished-at="2020-09-18T12:09:57 CDT">
      <class name="Test.AddCategoryTest">
        <test-method status="PASS" signature="UserAbleToAddCategory()[pri:0, instance:Test.AddCategoryTest@6ebc05a6]" name="UserAbleToAddCategory" duration-ms="7448" started-at="2020-09-18T12:09:49 CDT" finished-at="2020-09-18T12:09:57 CDT">
          <reporter-output>
          </reporter-output>
        </test-method> <!-- UserAbleToAddCategory -->
      </class> <!-- Test.AddCategoryTest -->
    </test> <!-- Default test -->
  </suite> <!-- Default suite -->
</testng-results>
